\BOOKMARK [0][-]{chapter*.5}{Abbildungsverzeichnis}{}% 1
\BOOKMARK [0][-]{chapter*.6}{Tabellenverzeichnis}{}% 2
\BOOKMARK [0][-]{chapter*.7}{Listings}{}% 3
\BOOKMARK [0][-]{chapter*.8}{Abk\374rzungsverzeichnis}{}% 4
\BOOKMARK [0][-]{chapter.1}{Einleitung und Motivation}{}% 5
\BOOKMARK [0][-]{chapter.2}{Grundlagen}{}% 6
\BOOKMARK [1][-]{section.2.1}{Zielarchitektur - Zynq Systemarchitektur}{chapter.2}% 7
\BOOKMARK [1][-]{section.2.2}{Hardware/Software Codesign}{chapter.2}% 8
\BOOKMARK [1][-]{section.2.3}{High Level Synthese}{chapter.2}% 9
\BOOKMARK [1][-]{section.2.4}{Hough Transformation}{chapter.2}% 10
\BOOKMARK [2][-]{subsection.2.4.1}{Umwandlung eines RGB Bildes in Graustufen}{section.2.4}% 11
\BOOKMARK [2][-]{subsection.2.4.2}{Gau\337-Filter}{section.2.4}% 12
\BOOKMARK [2][-]{subsection.2.4.3}{Canny Edge Detection}{section.2.4}% 13
\BOOKMARK [2][-]{subsection.2.4.4}{Circle Hough Transformation}{section.2.4}% 14
\BOOKMARK [2][-]{subsection.2.4.5}{Optimierungen}{section.2.4}% 15
\BOOKMARK [0][-]{chapter.3}{Hardware/Software Codesign am Beispiel einer Hough Transformation}{}% 16
\BOOKMARK [1][-]{section.3.1}{Softwareimplementierung}{chapter.3}% 17
\BOOKMARK [1][-]{section.3.2}{Iterative Auslagerung einzelner Komponenten auf den FPGA}{chapter.3}% 18
\BOOKMARK [0][-]{chapter.4}{Evaluation}{}% 19
\BOOKMARK [0][-]{chapter.5}{Fazit und Ausblick}{}% 20
\BOOKMARK [0][-]{chapter.5}{Literaturverzeichnis}{}% 21
